<?xml version="1.0" encoding="UTF-8"?>
<testsuite name="satellite.ConstellationRepositoryUnitTest" tests="3" skipped="0" failures="0" errors="0" timestamp="2026-03-03T10:30:46.291Z" hostname="admins-Air" time="0.007">
  <properties/>
  <testcase name="Сохранение группировки" classname="satellite.ConstellationRepositoryUnitTest" time="0.003"/>
  <testcase name="Проверка, что пустой репозиторий возвращает пустую карту, а не null" classname="satellite.ConstellationRepositoryUnitTest" time="0.001"/>
  <testcase name="Ошибка при поиске несуществующей группировки" classname="satellite.ConstellationRepositoryUnitTest" time="0.001"/>
  <system-out><![CDATA[Созранена группировка: Орбита-22
]]></system-out>
  <system-err><![CDATA[]]></system-err>
</testsuite>
