<?xml version="1.0" encoding="UTF-8"?>
<testsuite name="satellite.SatelliteServiceTest" tests="2" skipped="0" failures="0" errors="0" timestamp="2026-02-28T13:06:33.640Z" hostname="admins-MacBook-Air.local" time="0.004">
  <properties/>
  <testcase name="Ошибка при попытке передать неподдерживаемый параметр" classname="satellite.SatelliteServiceTest" time="0.002"/>
  <testcase name="Сервис автоматически выбирает правильную фабрику для спутника связи" classname="satellite.SatelliteServiceTest" time="0.001"/>
  <system-out><![CDATA[]]></system-out>
  <system-err><![CDATA[]]></system-err>
</testsuite>
