<?xml version="1.0" encoding="UTF-8"?>
<testsuite name="satellite.ConstellationRepositoryMockTest" tests="2" skipped="0" failures="0" errors="0" timestamp="2026-03-03T10:30:46.040Z" hostname="admins-Air" time="0.248">
  <properties/>
  <testcase name="Возврат заготовленной группировки из Mock-объекта" classname="satellite.ConstellationRepositoryMockTest" time="0.238"/>
  <testcase name="Вызов метода при добавлении группировки в репозиторий" classname="satellite.ConstellationRepositoryMockTest" time="0.008"/>
  <system-out><![CDATA[]]></system-out>
  <system-err><![CDATA[]]></system-err>
</testsuite>
