<?xml version="1.0" encoding="UTF-8"?>
<testsuite name="satellite.ConstellationRepositoryIntegrationTest" tests="1" skipped="0" failures="0" errors="0" timestamp="2026-02-15T11:56:23.393Z" hostname="admins-MacBook-Air.local" time="0.545">
  <properties/>
  <testcase name="Полный тест жизненный цикл группировки" classname="satellite.ConstellationRepositoryIntegrationTest" time="0.545"/>
  <system-out><![CDATA[
  .   ____          _            __ _ _
 /\\ / ___'_ __ _ _(_)_ __  __ _ \ \ \ \
( ( )\___ | '_ | '_| | '_ \/ _` | \ \ \ \
 \\/  ___)| |_)| | | | | || (_| |  ) ) ) )
  '  |____| .__|_| |_|_| |_\__, | / / / /
 =========|_|==============|___/=/_/_/_/
 :: Spring Boot ::                (v3.2.2)

2026-02-15T14:56:23.055+03:00  INFO 85745 --- [    Test worker] s.ConstellationRepositoryIntegrationTest : Starting ConstellationRepositoryIntegrationTest using Java 21.0.8 with PID 85745 (started by admin in /Users/admin/Desktop/БауманТех/SateliteGroup)
2026-02-15T14:56:23.056+03:00  INFO 85745 --- [    Test worker] s.ConstellationRepositoryIntegrationTest : No active profile set, falling back to 1 default profile: "default"
2026-02-15T14:56:23.388+03:00  INFO 85745 --- [    Test worker] s.ConstellationRepositoryIntegrationTest : Started ConstellationRepositoryIntegrationTest in 0.488 seconds (process running for 1.31)
Созранена группировка: Kalinka
Добавлен спутник Пушкин в Группировку Kalinka 

Активация Спутников в Группировке Kalinka 
=== ВЫПОЛНЕНИЕ МИССИЙ ДЛЯ ГРУППИРОВКИ: Kalinka ===

Выполенение миссий Группировки KALINKA
Пушкин: Передача данных со скоростью 50,0 Мбит/с
Пушкин: Отправил 50,0 Мбит данных!
Интеграционный тест пройден успешно!
]]></system-out>
  <system-err><![CDATA[WARNING: A Java agent has been loaded dynamically (/Users/admin/.gradle/caches/modules-2/files-2.1/net.bytebuddy/byte-buddy-agent/1.14.11/f9cb566608fbac6bc7bf54901a7aa11543a989ee/byte-buddy-agent-1.14.11.jar)
WARNING: If a serviceability tool is in use, please run with -XX:+EnableDynamicAgentLoading to hide this warning
WARNING: If a serviceability tool is not in use, please run with -Djdk.instrument.traceUsage for more information
WARNING: Dynamic loading of agents will be disallowed by default in a future release
]]></system-err>
</testsuite>
