<?xml version="1.0" encoding="UTF-8"?>
<testsuite name="satellite.DomainClassesTest" tests="2" skipped="0" failures="0" errors="0" timestamp="2026-03-03T10:30:46.304Z" hostname="admins-Air" time="0.002">
  <properties/>
  <testcase name="Критический уровень заряда" classname="satellite.DomainClassesTest" time="0.0"/>
  <testcase name="Satellite: Проверка логики активации и деактивации" classname="satellite.DomainClassesTest" time="0.001"/>
  <system-out><![CDATA[]]></system-out>
  <system-err><![CDATA[]]></system-err>
</testsuite>
