<?xml version="1.0" encoding="UTF-8"?>
<testsuite name="satellite.SatelliteLogicTest" tests="4" skipped="0" failures="0" errors="0" timestamp="2026-03-03T10:30:46.530Z" hostname="admins-Air" time="0.003">
  <properties/>
  <testcase name="Покрытие toString и базовых методов" classname="satellite.SatelliteLogicTest" time="0.0"/>
  <testcase name="Спутник съемки должен считать количество фото" classname="satellite.SatelliteLogicTest" time="0.001"/>
  <testcase name="Низкий заряд спутника: не должен быть активен" classname="satellite.SatelliteLogicTest" time="0.0"/>
  <testcase name="Спутник связи должен успешно выполнять миссию" classname="satellite.SatelliteLogicTest" time="0.001"/>
  <system-out><![CDATA[Созранена группировка: Орбита2
Добавлен спутник Фото в Группировку Орбита2 

Активация Спутников в Группировке Орбита2 
=== ВЫПОЛНЕНИЕ МИССИЙ ДЛЯ ГРУППИРОВКИ: Орбита2 ===

Выполенение миссий Группировки ОРБИТА2
Фото: Сьемка территории с разрешением 1080,0 м.пиксель
Снимок: 1 сделан!

=== ВЫПОЛНЕНИЕ МИССИЙ ДЛЯ ГРУППИРОВКИ: Орбита2 ===

Выполенение миссий Группировки ОРБИТА2
Фото: Сьемка территории с разрешением 1080,0 м.пиксель
Снимок: 2 сделан!
Созранена группировка: Орбита1
Добавлен спутник Test в Группировку Орбита1 

Активация Спутников в Группировке Орбита1 
=== ВЫПОЛНЕНИЕ МИССИЙ ДЛЯ ГРУППИРОВКИ: Орбита1 ===

Выполенение миссий Группировки ОРБИТА1
Test: Передача данных со скоростью 100,0 Мбит/с
Test: Отправил 100,0 Мбит данных!
]]></system-out>
  <system-err><![CDATA[]]></system-err>
</testsuite>
