<?xml version="1.0" encoding="UTF-8"?>
<testsuite name="satellite.SpaceOperationCenterServiceTest" tests="1" skipped="0" failures="0" errors="0" timestamp="2026-02-28T13:06:33.646Z" hostname="admins-MacBook-Air.local" time="0.001">
  <properties/>
  <testcase name="Сервис выполняет миссию всей группировки" classname="satellite.SpaceOperationCenterServiceTest" time="0.001"/>
  <system-out><![CDATA[Созранена группировка: SatelliteG2
Добавлен спутник img1 в Группировку SatelliteG2 
Добавлен спутник com1 в Группировку SatelliteG2 

Активация Спутников в Группировке SatelliteG2 
=== ВЫПОЛНЕНИЕ МИССИЙ ДЛЯ ГРУППИРОВКИ: SatelliteG2 ===

Выполенение миссий Группировки SATELLITEG2
img1: Сьемка территории с разрешением 2560,0 м.пиксель
Снимок: 1 сделан!
com1: Передача данных со скоростью 500,0 Мбит/с
com1: Отправил 500,0 Мбит данных!
]]></system-out>
  <system-err><![CDATA[]]></system-err>
</testsuite>
