<?xml version="1.0" encoding="UTF-8"?>
<testsuite name="satellite.DomainClassesTest" tests="2" skipped="0" failures="0" errors="0" timestamp="2026-02-28T13:06:31.847Z" hostname="admins-MacBook-Air.local" time="0.016">
  <properties/>
  <testcase name="Критический уровень заряда" classname="satellite.DomainClassesTest" time="0.014"/>
  <testcase name="Satellite: Проверка логики активации и деактивации" classname="satellite.DomainClassesTest" time="0.001"/>
  <system-out><![CDATA[]]></system-out>
  <system-err><![CDATA[]]></system-err>
</testsuite>
