<?xml version="1.0" encoding="UTF-8"?>
<testsuite name="satellite.ConstellationRepositoryUnitTest" tests="3" skipped="0" failures="0" errors="0" timestamp="2026-02-15T11:56:24.099Z" hostname="admins-MacBook-Air.local" time="0.006">
  <properties/>
  <testcase name="Сохранение группировки" classname="satellite.ConstellationRepositoryUnitTest" time="0.003"/>
  <testcase name="Ошибка при получении несуществующей группы" classname="satellite.ConstellationRepositoryUnitTest" time="0.002"/>
  <testcase name="Поиск несуществующей группировки вернет Optional" classname="satellite.ConstellationRepositoryUnitTest" time="0.001"/>
  <system-out><![CDATA[Созранена группировка: Орбита-22
]]></system-out>
  <system-err><![CDATA[]]></system-err>
</testsuite>
